2026-04-14T15:59:18.038+07:00  INFO 29848 --- [apartment-management] [restartedMain] com.apartment.Application                : Starting Application using Java 21.0.10 with PID 29848 (C:\Users\Admin\apartment\apartment-management\bootstrap\build\classes\java\main started by Admin in C:\Users\Admin\apartment\apartment-management)
2026-04-14T15:59:18.039+07:00 DEBUG 29848 --- [apartment-management] [restartedMain] com.apartment.Application                : Running with Spring Boot v4.0.5, Spring v7.0.6
2026-04-14T15:59:18.039+07:00  INFO 29848 --- [apartment-management] [restartedMain] com.apartment.Application                : No active profile set, falling back to 1 default profile: "default"
2026-04-14T15:59:18.301+07:00  INFO 29848 --- [apartment-management] [restartedMain] .s.d.r.c.RepositoryConfigurationDelegate : Bootstrapping Spring Data JPA repositories in DEFAULT mode.
2026-04-14T15:59:18.337+07:00  INFO 29848 --- [apartment-management] [restartedMain] .s.d.r.c.RepositoryConfigurationDelegate : Finished Spring Data repository scanning in 26 ms. Found 7 JPA repository interfaces.
2026-04-14T15:59:18.587+07:00  INFO 29848 --- [apartment-management] [restartedMain] o.s.boot.tomcat.TomcatWebServer          : Tomcat initialized with port 8080 (http)
2026-04-14T15:59:18.588+07:00  INFO 29848 --- [apartment-management] [restartedMain] o.apache.catalina.core.StandardService   : Starting service [Tomcat]
2026-04-14T15:59:18.589+07:00  INFO 29848 --- [apartment-management] [restartedMain] o.apache.catalina.core.StandardEngine    : Starting Servlet engine: [Apache Tomcat/11.0.20]
2026-04-14T15:59:18.605+07:00  INFO 29848 --- [apartment-management] [restartedMain] b.w.c.s.WebApplicationContextInitializer : Root WebApplicationContext: initialization completed in 561 ms
2026-04-14T15:59:18.669+07:00  INFO 29848 --- [apartment-management] [restartedMain] com.zaxxer.hikari.HikariDataSource       : HikariPool-2 - Starting...
2026-04-14T15:59:18.709+07:00  INFO 29848 --- [apartment-management] [restartedMain] com.zaxxer.hikari.pool.HikariPool        : HikariPool-2 - Added connection org.postgresql.jdbc.PgConnection@12c2b162
2026-04-14T15:59:18.710+07:00  INFO 29848 --- [apartment-management] [restartedMain] com.zaxxer.hikari.HikariDataSource       : HikariPool-2 - Start completed.
2026-04-14T15:59:18.711+07:00  INFO 29848 --- [apartment-management] [restartedMain] org.flywaydb.core.FlywayExecutor         : Database: jdbc:postgresql://localhost:5433/apartment_db (PostgreSQL 18.3)
2026-04-14T15:59:18.724+07:00  INFO 29848 --- [apartment-management] [restartedMain] o.f.core.internal.command.DbValidate     : Successfully validated 4 migrations (execution time 00:00.005s)
2026-04-14T15:59:18.770+07:00  INFO 29848 --- [apartment-management] [restartedMain] o.f.core.internal.command.DbMigrate      : Current version of schema "public": 4
2026-04-14T15:59:18.771+07:00  INFO 29848 --- [apartment-management] [restartedMain] o.f.core.internal.command.DbMigrate      : Schema "public" is up to date. No migration necessary.
2026-04-14T15:59:18.829+07:00  INFO 29848 --- [apartment-management] [restartedMain] org.hibernate.orm.jpa                    : HHH008540: Processing PersistenceUnitInfo [name: default]
2026-04-14T15:59:18.908+07:00  INFO 29848 --- [apartment-management] [restartedMain] o.s.o.j.p.SpringPersistenceUnitInfo      : No LoadTimeWeaver setup: ignoring JPA class transformer
2026-04-14T15:59:18.924+07:00  WARN 29848 --- [apartment-management] [restartedMain] org.hibernate.orm.deprecation            : HHH90000025: PostgreSQLDialect does not need to be specified explicitly using 'hibernate.dialect' (remove the property setting and it will be selected by default)
2026-04-14T15:59:18.933+07:00  INFO 29848 --- [apartment-management] [restartedMain] org.hibernate.orm.connections.pooling    : HHH10001005: Database info:
	Database JDBC URL [jdbc:postgresql://localhost:5433/apartment_db]
	Database driver: PostgreSQL JDBC Driver
	Database dialect: PostgreSQLDialect
	Database version: 18.3
	Default catalog/schema: apartment_db/public
	Autocommit mode: undefined/unknown
	Isolation level: READ_COMMITTED [default READ_COMMITTED]
	JDBC fetch size: none
	Pool: DataSourceConnectionProvider
	Minimum pool size: undefined/unknown
	Maximum pool size: undefined/unknown
2026-04-14T15:59:19.215+07:00  INFO 29848 --- [apartment-management] [restartedMain] org.hibernate.orm.core                   : HHH000489: No JTA platform available (set 'hibernate.transaction.jta.platform' to enable JTA platform integration)
2026-04-14T15:59:19.226+07:00  INFO 29848 --- [apartment-management] [restartedMain] j.LocalContainerEntityManagerFactoryBean : Initialized JPA EntityManagerFactory for persistence unit 'default'
2026-04-14T15:59:19.332+07:00 DEBUG 29848 --- [apartment-management] [restartedMain] c.a.infra.security.JwtAuthFilter         : Filter 'jwtAuthFilter' configured for use
2026-04-14T15:59:19.549+07:00  INFO 29848 --- [apartment-management] [restartedMain] eAuthenticationProviderManagerConfigurer : Global AuthenticationManager configured with AuthenticationProvider bean with name authenticationProvider
2026-04-14T15:59:19.550+07:00  WARN 29848 --- [apartment-management] [restartedMain] r$InitializeUserDetailsManagerConfigurer : Global AuthenticationManager configured with an AuthenticationProvider bean. UserDetailsService beans will not be used by Spring Security for automatically configuring username/password login. Consider removing the AuthenticationProvider bean. Alternatively, consider using the UserDetailsService in a manually instantiated DaoAuthenticationProvider. If the current configuration is intentional, to turn off this warning, increase the logging level of 'org.springframework.security.config.annotation.authentication.configuration.InitializeUserDetailsBeanManagerConfigurer' to ERROR
2026-04-14T15:59:20.119+07:00  INFO 29848 --- [apartment-management] [restartedMain] o.s.boot.tomcat.TomcatWebServer          : Tomcat started on port 8080 (http) with context path '/api'
2026-04-14T15:59:20.122+07:00  INFO 29848 --- [apartment-management] [restartedMain] com.apartment.Application                : Started Application in 2.137 seconds (process running for 280.117)
